# JRE version: Java(TM) SE Runtime Environment (8.0_45-b15) (build 1.8.0_45-b15)
# Java VM: Java HotSpot(TM) 64-Bit Server VM (25.45-b02 mixed mode windows-amd64 compressed oops)
Heap:
 PSYoungGen      total 150016K, used 145597K [0x00000000f5580000, 0x00000000fff00000, 0x0000000100000000)
  eden space 134656K, 96% used [0x00000000f5580000,0x00000000fd4b7470,0x00000000fd900000)
  from space 15360K, 99% used [0x00000000fea00000,0x00000000ff8f8018,0x00000000ff900000)
  to   space 17408K, 0% used [0x00000000fd900000,0x00000000fd900000,0x00000000fea00000)
 ParOldGen       total 180224K, used 20075K [0x00000000e0000000, 0x00000000eb000000, 0x00000000f5580000)
  object space 180224K, 11% used [0x00000000e0000000,0x00000000e139ac68,0x00000000eb000000)
 Metaspace       used 56025K, capacity 58438K, committed 58752K, reserved 1099776K
  class space    used 7841K, capacity 8466K, committed 8576K, reserved 1048576K
GC Heap History (10 events):
Event: 14.840 GC heap before
{Heap before GC invocations=6 (full 1):
 PSYoungGen      total 76288K, used 73653K [0x00000000f5580000, 0x00000000fc200000, 0x0000000100000000)
  eden space 65536K, 100% used [0x00000000f5580000,0x00000000f9580000,0x00000000f9580000)
  from space 10752K, 75% used [0x00000000fa000000,0x00000000fa7ed720,0x00000000faa80000)
  to   space 10752K, 0% used [0x00000000f9580000,0x00000000f9580000,0x00000000fa000000)
 ParOldGen       total 175104K, used 12043K [0x00000000e0000000, 0x00000000eab00000, 0x00000000f5580000)
  object space 175104K, 6% used [0x00000000e0000000,0x00000000e0bc2ef0,0x00000000eab00000)
 Metaspace       used 31354K, capacity 32124K, committed 32512K, reserved 1077248K
  class space    used 4339K, capacity 4559K, committed 4608K, reserved 1048576K
Event: 14.860 GC heap after
Heap after GC invocations=6 (full 1):
 PSYoungGen      total 76288K, used 9984K [0x00000000f5580000, 0x00000000fcd80000, 0x0000000100000000)
  eden space 65536K, 0% used [0x00000000f5580000,0x00000000f5580000,0x00000000f9580000)
  from space 10752K, 92% used [0x00000000f9580000,0x00000000f9f402b8,0x00000000fa000000)
  to   space 13312K, 0% used [0x00000000fc080000,0x00000000fc080000,0x00000000fcd80000)
 ParOldGen       total 175104K, used 12051K [0x00000000e0000000, 0x00000000eab00000, 0x00000000f5580000)
  object space 175104K, 6% used [0x00000000e0000000,0x00000000e0bc4ef0,0x00000000eab00000)
 Metaspace       used 31354K, capacity 32124K, committed 32512K, reserved 1077248K
  class space    used 4339K, capacity 4559K, committed 4608K, reserved 1048576K
}
Event: 16.554 GC heap before
{Heap before GC invocations=7 (full 1):
 PSYoungGen      total 76288K, used 73814K [0x00000000f5580000, 0x00000000fcd80000, 0x0000000100000000)
  eden space 65536K, 97% used [0x00000000f5580000,0x00000000f93d5638,0x00000000f9580000)
  from space 10752K, 92% used [0x00000000f9580000,0x00000000f9f402b8,0x00000000fa000000)
  to   space 13312K, 0% used [0x00000000fc080000,0x00000000fc080000,0x00000000fcd80000)
 ParOldGen       total 175104K, used 12051K [0x00000000e0000000, 0x00000000eab00000, 0x00000000f5580000)
  object space 175104K, 6% used [0x00000000e0000000,0x00000000e0bc4ef0,0x00000000eab00000)
 Metaspace       used 34565K, capacity 35482K, committed 35496K, reserved 1079296K
  class space    used 4819K, capacity 5106K, committed 5120K, reserved 1048576K
Event: 16.568 GC heap after
Heap after GC invocations=7 (full 1):
 PSYoungGen      total 108544K, used 11571K [0x00000000f5580000, 0x00000000fd080000, 0x0000000100000000)
  eden space 95232K, 0% used [0x00000000f5580000,0x00000000f5580000,0x00000000fb280000)
  from space 13312K, 86% used [0x00000000fc080000,0x00000000fcbcceb0,0x00000000fcd80000)
  to   space 14336K, 0% used [0x00000000fb280000,0x00000000fb280000,0x00000000fc080000)
 ParOldGen       total 175104K, used 12059K [0x00000000e0000000, 0x00000000eab00000, 0x00000000f5580000)
  object space 175104K, 6% used [0x00000000e0000000,0x00000000e0bc6ef0,0x00000000eab00000)
 Metaspace       used 34565K, capacity 35482K, committed 35496K, reserved 1079296K
  class space    used 4819K, capacity 5106K, committed 5120K, reserved 1048576K
}
Event: 16.569 GC heap before
{Heap before GC invocations=8 (full 2):
 PSYoungGen      total 108544K, used 11571K [0x00000000f5580000, 0x00000000fd080000, 0x0000000100000000)
  eden space 95232K, 0% used [0x00000000f5580000,0x00000000f5580000,0x00000000fb280000)
  from space 13312K, 86% used [0x00000000fc080000,0x00000000fcbcceb0,0x00000000fcd80000)
  to   space 14336K, 0% used [0x00000000fb280000,0x00000000fb280000,0x00000000fc080000)
 ParOldGen       total 175104K, used 12059K [0x00000000e0000000, 0x00000000eab00000, 0x00000000f5580000)
  object space 175104K, 6% used [0x00000000e0000000,0x00000000e0bc6ef0,0x00000000eab00000)
 Metaspace       used 34565K, capacity 35482K, committed 35496K, reserved 1079296K
  class space    used 4819K, capacity 5106K, committed 5120K, reserved 1048576K
Event: 16.654 GC heap after
Heap after GC invocations=8 (full 2):
 PSYoungGen      total 108544K, used 0K [0x00000000f5580000, 0x00000000fd080000, 0x0000000100000000)
  eden space 95232K, 0% used [0x00000000f5580000,0x00000000f5580000,0x00000000fb280000)
  from space 13312K, 0% used [0x00000000fc080000,0x00000000fc080000,0x00000000fcd80000)
  to   space 14336K, 0% used [0x00000000fb280000,0x00000000fb280000,0x00000000fc080000)
 ParOldGen       total 180224K, used 18441K [0x00000000e0000000, 0x00000000eb000000, 0x00000000f5580000)
  object space 180224K, 10% used [0x00000000e0000000,0x00000000e12024a8,0x00000000eb000000)
 Metaspace       used 34565K, capacity 35482K, committed 35496K, reserved 1079296K
  class space    used 4819K, capacity 5106K, committed 5120K, reserved 1048576K
}
Event: 23.784 GC heap before
{Heap before GC invocations=9 (full 2):
 PSYoungGen      total 108544K, used 95232K [0x00000000f5580000, 0x00000000fd080000, 0x0000000100000000)
  eden space 95232K, 100% used [0x00000000f5580000,0x00000000fb280000,0x00000000fb280000)
  from space 13312K, 0% used [0x00000000fc080000,0x00000000fc080000,0x00000000fcd80000)
  to   space 14336K, 0% used [0x00000000fb280000,0x00000000fb280000,0x00000000fc080000)
 ParOldGen       total 180224K, used 18441K [0x00000000e0000000, 0x00000000eb000000, 0x00000000f5580000)
  object space 180224K, 10% used [0x00000000e0000000,0x00000000e12024a8,0x00000000eb000000)
 Metaspace       used 43159K, capacity 44518K, committed 44800K, reserved 1087488K
  class space    used 5928K, capacity 6286K, committed 6400K, reserved 1048576K
Event: 23.806 GC heap after
Heap after GC invocations=9 (full 2):
 PSYoungGen      total 109568K, used 13058K [0x00000000f5580000, 0x00000000ff900000, 0x0000000100000000)
  eden space 95232K, 0% used [0x00000000f5580000,0x00000000f5580000,0x00000000fb280000)
  from space 14336K, 91% used [0x00000000fb280000,0x00000000fbf40818,0x00000000fc080000)
  to   space 15360K, 0% used [0x00000000fea00000,0x00000000fea00000,0x00000000ff900000)
 ParOldGen       total 180224K, used 18441K [0x00000000e0000000, 0x00000000eb000000, 0x00000000f5580000)
  object space 180224K, 10% used [0x00000000e0000000,0x00000000e12024a8,0x00000000eb000000)
 Metaspace       used 43159K, capacity 44518K, committed 44800K, reserved 1087488K
  class space    used 5928K, capacity 6286K, committed 6400K, reserved 1048576K
}
Event: 27.201 GC heap before
{Heap before GC invocations=10 (full 2):
 PSYoungGen      total 109568K, used 108290K [0x00000000f5580000, 0x00000000ff900000, 0x0000000100000000)
  eden space 95232K, 100% used [0x00000000f5580000,0x00000000fb280000,0x00000000fb280000)
  from space 14336K, 91% used [0x00000000fb280000,0x00000000fbf40818,0x00000000fc080000)
  to   space 15360K, 0% used [0x00000000fea00000,0x00000000fea00000,0x00000000ff900000)
 ParOldGen       total 180224K, used 18441K [0x00000000e0000000, 0x00000000eb000000, 0x00000000f5580000)
  object space 180224K, 10% used [0x00000000e0000000,0x00000000e12024a8,0x00000000eb000000)
 Metaspace       used 49335K, capacity 51006K, committed 51328K, reserved 1093632K
  class space    used 6736K, capacity 7187K, committed 7296K, reserved 1048576K
Event: 27.229 GC heap after
Heap after GC invocations=10 (full 2):
 PSYoungGen      total 150016K, used 15328K [0x00000000f5580000, 0x00000000fff00000, 0x0000000100000000)
  eden space 134656K, 0% used [0x00000000f5580000,0x00000000f5580000,0x00000000fd900000)
  from space 15360K, 99% used [0x00000000fea00000,0x00000000ff8f8018,0x00000000ff900000)
  to   space 17408K, 0% used [0x00000000fd900000,0x00000000fd900000,0x00000000fea00000)
 ParOldGen       total 180224K, used 20075K [0x00000000e0000000, 0x00000000eb000000, 0x00000000f5580000)
  object space 180224K, 11% used [0x00000000e0000000,0x00000000e139ac68,0x00000000eb000000)
 Metaspace       used 49335K, capacity 51006K, committed 51328K, reserved 1093632K
  class space    used 6736K, capacity 7187K, committed 7296K, reserved 1048576K
}

