# JRE version: Java(TM) SE Runtime Environment (8.0_45-b15) (build 1.8.0_45-b15)
# Java VM: Java HotSpot(TM) 64-Bit Server VM (25.45-b02 mixed mode windows-amd64 compressed oops)
Heap:
 PSYoungGen      total 134656K, used 61478K [0x00000000f5580000, 0x00000000ffc80000, 0x0000000100000000)
  eden space 99328K, 57% used [0x00000000f5580000,0x00000000f8db42a0,0x00000000fb680000)
  from space 35328K, 11% used [0x00000000fda00000,0x00000000fddd5848,0x00000000ffc80000)
  to   space 35840K, 0% used [0x00000000fb680000,0x00000000fb680000,0x00000000fd980000)
 ParOldGen       total 316928K, used 195576K [0x00000000e0000000, 0x00000000f3580000, 0x00000000f5580000)
  object space 316928K, 61% used [0x00000000e0000000,0x00000000ebefe258,0x00000000f3580000)
 Metaspace       used 116805K, capacity 125370K, committed 125696K, reserved 1159168K
  class space    used 15135K, capacity 16825K, committed 16896K, reserved 1048576K
GC Heap History (10 events):
Event: 2357.396 GC heap before
{Heap before GC invocations=90 (full 8):
 PSYoungGen      total 126976K, used 87835K [0x00000000f5580000, 0x00000000ffe00000, 0x0000000100000000)
  eden space 83968K, 100% used [0x00000000f5580000,0x00000000fa780000,0x00000000fa780000)
  from space 43008K, 8% used [0x00000000fa780000,0x00000000fab46d78,0x00000000fd180000)
  to   space 42496K, 0% used [0x00000000fd480000,0x00000000fd480000,0x00000000ffe00000)
 ParOldGen       total 316928K, used 174293K [0x00000000e0000000, 0x00000000f3580000, 0x00000000f5580000)
  object space 316928K, 54% used [0x00000000e0000000,0x00000000eaa35490,0x00000000f3580000)
 Metaspace       used 116696K, capacity 125264K, committed 125440K, reserved 1157120K
  class space    used 15132K, capacity 16820K, committed 16896K, reserved 1048576K
Event: 2357.410 GC heap after
Heap after GC invocations=90 (full 8):
 PSYoungGen      total 130048K, used 5896K [0x00000000f5580000, 0x00000000ffc80000, 0x0000000100000000)
  eden space 89088K, 0% used [0x00000000f5580000,0x00000000f5580000,0x00000000fac80000)
  from space 40960K, 14% used [0x00000000fd480000,0x00000000fda421d8,0x00000000ffc80000)
  to   space 40960K, 0% used [0x00000000fac80000,0x00000000fac80000,0x00000000fd480000)
 ParOldGen       total 316928K, used 176801K [0x00000000e0000000, 0x00000000f3580000, 0x00000000f5580000)
  object space 316928K, 55% used [0x00000000e0000000,0x00000000eaca8730,0x00000000f3580000)
 Metaspace       used 116696K, capacity 125264K, committed 125440K, reserved 1157120K
  class space    used 15132K, capacity 16820K, committed 16896K, reserved 1048576K
}
Event: 2357.685 GC heap before
{Heap before GC invocations=91 (full 8):
 PSYoungGen      total 130048K, used 94984K [0x00000000f5580000, 0x00000000ffc80000, 0x0000000100000000)
  eden space 89088K, 100% used [0x00000000f5580000,0x00000000fac80000,0x00000000fac80000)
  from space 40960K, 14% used [0x00000000fd480000,0x00000000fda421d8,0x00000000ffc80000)
  to   space 40960K, 0% used [0x00000000fac80000,0x00000000fac80000,0x00000000fd480000)
 ParOldGen       total 316928K, used 176801K [0x00000000e0000000, 0x00000000f3580000, 0x00000000f5580000)
  object space 316928K, 55% used [0x00000000e0000000,0x00000000eaca8730,0x00000000f3580000)
 Metaspace       used 116708K, capacity 125270K, committed 125440K, reserved 1157120K
  class space    used 15133K, capacity 16821K, committed 16896K, reserved 1048576K
Event: 2357.710 GC heap after
Heap after GC invocations=91 (full 8):
 PSYoungGen      total 130048K, used 12486K [0x00000000f5580000, 0x00000000ffb00000, 0x0000000100000000)
  eden space 89088K, 0% used [0x00000000f5580000,0x00000000f5580000,0x00000000fac80000)
  from space 40960K, 30% used [0x00000000fac80000,0x00000000fb8b1a20,0x00000000fd480000)
  to   space 38400K, 0% used [0x00000000fd580000,0x00000000fd580000,0x00000000ffb00000)
 ParOldGen       total 316928K, used 181889K [0x00000000e0000000, 0x00000000f3580000, 0x00000000f5580000)
  object space 316928K, 57% used [0x00000000e0000000,0x00000000eb1a0438,0x00000000f3580000)
 Metaspace       used 116708K, capacity 125270K, committed 125440K, reserved 1157120K
  class space    used 15133K, capacity 16821K, committed 16896K, reserved 1048576K
}
Event: 2357.995 GC heap before
{Heap before GC invocations=92 (full 8):
 PSYoungGen      total 130048K, used 101574K [0x00000000f5580000, 0x00000000ffb00000, 0x0000000100000000)
  eden space 89088K, 100% used [0x00000000f5580000,0x00000000fac80000,0x00000000fac80000)
  from space 40960K, 30% used [0x00000000fac80000,0x00000000fb8b1a20,0x00000000fd480000)
  to   space 38400K, 0% used [0x00000000fd580000,0x00000000fd580000,0x00000000ffb00000)
 ParOldGen       total 316928K, used 181889K [0x00000000e0000000, 0x00000000f3580000, 0x00000000f5580000)
  object space 316928K, 57% used [0x00000000e0000000,0x00000000eb1a0438,0x00000000f3580000)
 Metaspace       used 116733K, capacity 125278K, committed 125440K, reserved 1157120K
  class space    used 15133K, capacity 16821K, committed 16896K, reserved 1048576K
Event: 2358.010 GC heap after
Heap after GC invocations=92 (full 8):
 PSYoungGen      total 131584K, used 856K [0x00000000f5580000, 0x00000000ffc80000, 0x0000000100000000)
  eden space 93184K, 0% used [0x00000000f5580000,0x00000000f5580000,0x00000000fb080000)
  from space 38400K, 2% used [0x00000000fd580000,0x00000000fd656310,0x00000000ffb00000)
  to   space 37888K, 0% used [0x00000000fb080000,0x00000000fb080000,0x00000000fd580000)
 ParOldGen       total 316928K, used 193922K [0x00000000e0000000, 0x00000000f3580000, 0x00000000f5580000)
  object space 316928K, 61% used [0x00000000e0000000,0x00000000ebd60b38,0x00000000f3580000)
 Metaspace       used 116733K, capacity 125278K, committed 125440K, reserved 1157120K
  class space    used 15133K, capacity 16821K, committed 16896K, reserved 1048576K
}
Event: 2358.446 GC heap before
{Heap before GC invocations=93 (full 8):
 PSYoungGen      total 131584K, used 94040K [0x00000000f5580000, 0x00000000ffc80000, 0x0000000100000000)
  eden space 93184K, 100% used [0x00000000f5580000,0x00000000fb080000,0x00000000fb080000)
  from space 38400K, 2% used [0x00000000fd580000,0x00000000fd656310,0x00000000ffb00000)
  to   space 37888K, 0% used [0x00000000fb080000,0x00000000fb080000,0x00000000fd580000)
 ParOldGen       total 316928K, used 193922K [0x00000000e0000000, 0x00000000f3580000, 0x00000000f5580000)
  object space 316928K, 61% used [0x00000000e0000000,0x00000000ebd60b38,0x00000000f3580000)
 Metaspace       used 116755K, capacity 125360K, committed 125440K, reserved 1157120K
  class space    used 15135K, capacity 16824K, committed 16896K, reserved 1048576K
Event: 2358.456 GC heap after
Heap after GC invocations=93 (full 8):
 PSYoungGen      total 131072K, used 1152K [0x00000000f5580000, 0x00000000ffe80000, 0x0000000100000000)
  eden space 93184K, 0% used [0x00000000f5580000,0x00000000f5580000,0x00000000fb080000)
  from space 37888K, 3% used [0x00000000fb080000,0x00000000fb1a0000,0x00000000fd580000)
  to   space 37376K, 0% used [0x00000000fda00000,0x00000000fda00000,0x00000000ffe80000)
 ParOldGen       total 316928K, used 194560K [0x00000000e0000000, 0x00000000f3580000, 0x00000000f5580000)
  object space 316928K, 61% used [0x00000000e0000000,0x00000000ebe00258,0x00000000f3580000)
 Metaspace       used 116755K, capacity 125360K, committed 125440K, reserved 1157120K
  class space    used 15135K, capacity 16824K, committed 16896K, reserved 1048576K
}
Event: 2358.797 GC heap before
{Heap before GC invocations=94 (full 8):
 PSYoungGen      total 131072K, used 94336K [0x00000000f5580000, 0x00000000ffe80000, 0x0000000100000000)
  eden space 93184K, 100% used [0x00000000f5580000,0x00000000fb080000,0x00000000fb080000)
  from space 37888K, 3% used [0x00000000fb080000,0x00000000fb1a0000,0x00000000fd580000)
  to   space 37376K, 0% used [0x00000000fda00000,0x00000000fda00000,0x00000000ffe80000)
 ParOldGen       total 316928K, used 194560K [0x00000000e0000000, 0x00000000f3580000, 0x00000000f5580000)
  object space 316928K, 61% used [0x00000000e0000000,0x00000000ebe00258,0x00000000f3580000)
 Metaspace       used 116778K, capacity 125366K, committed 125440K, reserved 1157120K
  class space    used 15135K, capacity 16825K, committed 16896K, reserved 1048576K
Event: 2358.804 GC heap after
Heap after GC invocations=94 (full 8):
 PSYoungGen      total 134656K, used 3926K [0x00000000f5580000, 0x00000000ffc80000, 0x0000000100000000)
  eden space 99328K, 0% used [0x00000000f5580000,0x00000000f5580000,0x00000000fb680000)
  from space 35328K, 11% used [0x00000000fda00000,0x00000000fddd5848,0x00000000ffc80000)
  to   space 35840K, 0% used [0x00000000fb680000,0x00000000fb680000,0x00000000fd980000)
 ParOldGen       total 316928K, used 195576K [0x00000000e0000000, 0x00000000f3580000, 0x00000000f5580000)
  object space 316928K, 61% used [0x00000000e0000000,0x00000000ebefe258,0x00000000f3580000)
 Metaspace       used 116778K, capacity 125366K, committed 125440K, reserved 1157120K
  class space    used 15135K, capacity 16825K, committed 16896K, reserved 1048576K
}

